C51 COMPILER V9.54   MAIN                                                                  12/16/2019 20:15:26 PAGE 1   


C51 COMPILER V9.54, COMPILATION OF MODULE MAIN
OBJECT MODULE PLACED IN .\Objects\main.obj
COMPILER INVOKED BY: C:\Keil_mdk\C51\BIN\C51.EXE source\src\main.c OPTIMIZE(8,SPEED) BROWSE INCDIR(.\source\inc) DEBUG O
                    -BJECTEXTEND PRINT(.\Listings\main.lst) OBJECT(.\Objects\main.obj)

line level    source

   1          #include "led.h"
   2          #include "timer.h"
   3          #include "key.h"
   4          
   5          int main(void)
   6          {
   7   1          Timer0Init();
   8   1          key_init();
   9   1          XBYTE[0x7f03] = 0x80;
  10   1          while(1)
  11   1          {
  12   2              key_action();
  13   2              refresh();
  14   2              alarm();
  15   2          }
  16   1      }


MODULE INFORMATION:   STATIC OVERLAYABLE
   CODE SIZE        =     23    ----
   CONSTANT SIZE    =   ----    ----
   XDATA SIZE       =   ----    ----
   PDATA SIZE       =   ----    ----
   DATA SIZE        =   ----    ----
   IDATA SIZE       =   ----    ----
   BIT SIZE         =   ----    ----
END OF MODULE INFORMATION.


C51 COMPILATION COMPLETE.  0 WARNING(S),  0 ERROR(S)
